Arguments: 
  C:\Program Files\nodejs\node.exe C:\Users\tachyon\AppData\Roaming\npm\node_modules\yarn\bin\yarn.js add body-parser

PATH: 
  C:\Users\tachyon\AppData\Roaming\npm;C:\Program Files\nodejs\;C:\Program Files (x86)\Common Files\Intel\Shared Libraries\redist\intel64\compiler;C:\Windows\system32;C:\Windows;C:\Windows\System32\Wbem;C:\Windows\System32\WindowsPowerShell\v1.0\;C:\Windows\System32\OpenSSH\;C:\Program Files\Genymobile\Genymotion\tools;C:\Program Files (x86)\Git\cmd;C:\Program Files\nodejs\;C:\Users\tachyon\AppData\Local\Programs\Python\Python37-32\Scripts\;C:\Users\tachyon\AppData\Local\Programs\Python\Python37-32\;C:\Users\tachyon\AppData\Local\Microsoft\WindowsApps;C:\Users\tachyon\AppData\Local\Programs\Microsoft VS Code\bin;C:\Program Files\Java\jdk-12.0.2\bin;C:\Users\tachyon\AppData\Roaming\npm

Yarn version: 
  1.19.1

Node version: 
  10.16.3

Platform: 
  win32 x64

Trace: 
  Error: https://registry.yarnpkg.com/raw-body/-/raw-body-2.4.0.tgz: unexpected end of file
      at Zlib.zlibOnError [as onerror] (zlib.js:162:17)

npm manifest: 
  {
    "dependencies": {
      "expressjs": "^1.0.1",
      "nodemailer": "^6.3.1"
    }
  }

yarn manifest: 
  No manifest

Lockfile: 
  # THIS IS AN AUTOGENERATED FILE. DO NOT EDIT THIS FILE DIRECTLY.
  # yarn lockfile v1
  
  
  expressjs@^1.0.1:
    version "1.0.1"
    resolved "https://registry.yarnpkg.com/expressjs/-/expressjs-1.0.1.tgz#220328469a18df5ad615e2b7a0ce995f17fbaeef"
    integrity sha1-IgMoRpoY31rWFeK3oM6ZXxf7ru8=
  
  nodemailer@^6.3.1:
    version "6.3.1"
    resolved "https://registry.yarnpkg.com/nodemailer/-/nodemailer-6.3.1.tgz#2784beebac6b9f014c424c54dbdcc5c4d1221346"
    integrity sha512-j0BsSyaMlyadEDEypK/F+xlne2K5m6wzPYMXS/yxKI0s7jmT1kBx6GEKRVbZmyYfKOsjkeC/TiMVDJBI/w5gMQ==
